\BOOKMARK [0][-]{chapter.1}{M\352s de agosto}{}% 1
\BOOKMARK [1][-]{section.1.1}{Synthesizing Parameterized Motions}{chapter.1}% 2
\BOOKMARK [2][-]{subsection.1.1.1}{Refer\352ncia completa do artigo}{section.1.1}% 3
\BOOKMARK [2][-]{subsection.1.1.2}{Resumo}{section.1.1}% 4
\BOOKMARK [2][-]{subsection.1.1.3}{Metodologia}{section.1.1}% 5
\BOOKMARK [2][-]{subsection.1.1.4}{Pontos fortes}{section.1.1}% 6
\BOOKMARK [2][-]{subsection.1.1.5}{Limita\347\365es}{section.1.1}% 7
\BOOKMARK [2][-]{subsection.1.1.6}{Avalia\347\343o}{section.1.1}% 8
\BOOKMARK [2][-]{subsection.1.1.7}{Problema em aberto}{section.1.1}% 9
\BOOKMARK [2][-]{subsection.1.1.8}{Aspecto obscuro}{section.1.1}% 10
\BOOKMARK [0][-]{chapter.2}{M\352s de setembro}{}% 11
\BOOKMARK [1][-]{section.2.1}{Tracking and Modifying Upper-body Human Motion Data with Dynamic Simulation}{chapter.2}% 12
\BOOKMARK [2][-]{subsection.2.1.1}{Refer\352ncia completa do artigo}{section.2.1}% 13
\BOOKMARK [2][-]{subsection.2.1.2}{Resumo}{section.2.1}% 14
\BOOKMARK [2][-]{subsection.2.1.3}{Metodologia}{section.2.1}% 15
\BOOKMARK [2][-]{subsection.2.1.4}{Pontos fortes}{section.2.1}% 16
\BOOKMARK [2][-]{subsection.2.1.5}{Limita\347\365es}{section.2.1}% 17
\BOOKMARK [2][-]{subsection.2.1.6}{Avalia\347\343o}{section.2.1}% 18
\BOOKMARK [2][-]{subsection.2.1.7}{Problema em aberto}{section.2.1}% 19
\BOOKMARK [2][-]{subsection.2.1.8}{Aspecto obscuro}{section.2.1}% 20
\BOOKMARK [1][-]{section.2.2}{Motion capture-driven simulations that hit and react}{chapter.2}% 21
\BOOKMARK [2][-]{subsection.2.2.1}{Refer\352ncia completa do artigo}{section.2.2}% 22
\BOOKMARK [2][-]{subsection.2.2.2}{Resumo}{section.2.2}% 23
\BOOKMARK [2][-]{subsection.2.2.3}{Metodologia}{section.2.2}% 24
\BOOKMARK [2][-]{subsection.2.2.4}{Pontos fortes}{section.2.2}% 25
\BOOKMARK [2][-]{subsection.2.2.5}{Limita\347\365es}{section.2.2}% 26
\BOOKMARK [2][-]{subsection.2.2.6}{Avalia\347\343o}{section.2.2}% 27
\BOOKMARK [2][-]{subsection.2.2.7}{Problema em aberto}{section.2.2}% 28
\BOOKMARK [2][-]{subsection.2.2.8}{Aspecto obscuro}{section.2.2}% 29
\BOOKMARK [0][-]{chapter.3}{M\352s de outubro}{}% 30
\BOOKMARK [1][-]{section.3.1}{Teaching a Robot to Grasp}{chapter.3}% 31
\BOOKMARK [2][-]{subsection.3.1.1}{Refer\352ncia completa do artigo}{section.3.1}% 32
\BOOKMARK [2][-]{subsection.3.1.2}{Resumo}{section.3.1}% 33
\BOOKMARK [2][-]{subsection.3.1.3}{Metodologia}{section.3.1}% 34
\BOOKMARK [2][-]{subsection.3.1.4}{Pontos fortes}{section.3.1}% 35
\BOOKMARK [2][-]{subsection.3.1.5}{Limita\347\365es}{section.3.1}% 36
\BOOKMARK [2][-]{subsection.3.1.6}{Avalia\347\343o}{section.3.1}% 37
\BOOKMARK [2][-]{subsection.3.1.7}{Problema em aberto}{section.3.1}% 38
\BOOKMARK [1][-]{section.3.2}{A Multiple Hypothesis Approach for a Ball Tracking System}{chapter.3}% 39
\BOOKMARK [2][-]{subsection.3.2.1}{Refer\352ncia completa do artigo}{section.3.2}% 40
\BOOKMARK [2][-]{subsection.3.2.2}{Resumo}{section.3.2}% 41
\BOOKMARK [2][-]{subsection.3.2.3}{Metodologia}{section.3.2}% 42
\BOOKMARK [2][-]{subsection.3.2.4}{Pontos fortes}{section.3.2}% 43
\BOOKMARK [2][-]{subsection.3.2.5}{Limita\347\365es}{section.3.2}% 44
\BOOKMARK [2][-]{subsection.3.2.6}{Problema em aberto}{section.3.2}% 45
\BOOKMARK [1][-]{section.3.3}{A VISION-BASED APPROACH TO BEHAVIORAL ANIMATION}{chapter.3}% 46
\BOOKMARK [2][-]{subsection.3.3.1}{Refer\352ncia completa do artigo}{section.3.3}% 47
\BOOKMARK [2][-]{subsection.3.3.2}{Resumo}{section.3.3}% 48
\BOOKMARK [2][-]{subsection.3.3.3}{Metodologia}{section.3.3}% 49
\BOOKMARK [2][-]{subsection.3.3.4}{Pontos fortes}{section.3.3}% 50
\BOOKMARK [2][-]{subsection.3.3.5}{Limita\347\365es}{section.3.3}% 51
\BOOKMARK [2][-]{subsection.3.3.6}{Avalia\347\343o}{section.3.3}% 52
